2022-08-28 21:29:15.871  INFO 8304 --- [restartedMain] c.shopme.admin.ShopmeBackEndApplication  : Starting ShopmeBackEndApplication using Java 17.0.2 on DESKTOP-TUNGNUI with PID 8304 (D:\ShopmeEcommerce\shopme\ShopmeWebParent\ShopmeBackEnd\target\classes started by ADMIN in D:\ShopmeEcommerce\shopme\ShopmeWebParent\ShopmeBackEnd)
2022-08-28 21:29:15.875  INFO 8304 --- [restartedMain] c.shopme.admin.ShopmeBackEndApplication  : No active profile set, falling back to default profiles: default
2022-08-28 21:29:16.348  INFO 8304 --- [restartedMain] .s.d.r.c.RepositoryConfigurationDelegate : Bootstrapping Spring Data JPA repositories in DEFAULT mode.
2022-08-28 21:29:16.383  INFO 8304 --- [restartedMain] .s.d.r.c.RepositoryConfigurationDelegate : Finished Spring Data repository scanning in 33 ms. Found 2 JPA repository interfaces.
2022-08-28 21:29:16.654  INFO 8304 --- [restartedMain] o.s.b.w.embedded.tomcat.TomcatWebServer  : Tomcat initialized with port(s): 8081 (http)
2022-08-28 21:29:16.656  INFO 8304 --- [restartedMain] o.apache.catalina.core.StandardService   : Starting service [Tomcat]
2022-08-28 21:29:16.657  INFO 8304 --- [restartedMain] org.apache.catalina.core.StandardEngine  : Starting Servlet engine: [Apache Tomcat/9.0.41]
2022-08-28 21:29:16.717  INFO 8304 --- [restartedMain] o.a.c.c.C.[.[localhost].[/ShopmeAdmin]   : Initializing Spring embedded WebApplicationContext
2022-08-28 21:29:16.717  INFO 8304 --- [restartedMain] w.s.c.ServletWebServerApplicationContext : Root WebApplicationContext: initialization completed in 829 ms
2022-08-28 21:29:16.852  INFO 8304 --- [restartedMain] o.hibernate.jpa.internal.util.LogHelper  : HHH000204: Processing PersistenceUnitInfo [name: default]
2022-08-28 21:29:16.874  INFO 8304 --- [restartedMain] com.zaxxer.hikari.HikariDataSource       : HikariPool-3 - Starting...
2022-08-28 21:29:16.901  INFO 8304 --- [restartedMain] com.zaxxer.hikari.HikariDataSource       : HikariPool-3 - Start completed.
2022-08-28 21:29:16.903  INFO 8304 --- [restartedMain] org.hibernate.dialect.Dialect            : HHH000400: Using dialect: org.hibernate.dialect.MySQL8Dialect
2022-08-28 21:29:17.065  INFO 8304 --- [restartedMain] o.h.e.t.j.p.i.JtaPlatformInitiator       : HHH000490: Using JtaPlatform implementation: [org.hibernate.engine.transaction.jta.platform.internal.NoJtaPlatform]
2022-08-28 21:29:17.066  INFO 8304 --- [restartedMain] j.LocalContainerEntityManagerFactoryBean : Initialized JPA EntityManagerFactory for persistence unit 'default'
2022-08-28 21:29:17.086  INFO 8304 --- [restartedMain] o.s.b.d.a.OptionalLiveReloadServer       : LiveReload server is running on port 35729
2022-08-28 21:29:17.183  WARN 8304 --- [restartedMain] JpaBaseConfiguration$JpaWebConfiguration : spring.jpa.open-in-view is enabled by default. Therefore, database queries may be performed during view rendering. Explicitly configure spring.jpa.open-in-view to disable this warning
2022-08-28 21:29:17.388  INFO 8304 --- [restartedMain] o.s.s.web.DefaultSecurityFilterChain     : Will secure Ant [pattern='/images/**'] with []
2022-08-28 21:29:17.388  INFO 8304 --- [restartedMain] o.s.s.web.DefaultSecurityFilterChain     : Will secure Ant [pattern='/js/**'] with []
2022-08-28 21:29:17.388  INFO 8304 --- [restartedMain] o.s.s.web.DefaultSecurityFilterChain     : Will secure Ant [pattern='/webjars/**'] with []
2022-08-28 21:29:17.415  INFO 8304 --- [restartedMain] o.s.s.web.DefaultSecurityFilterChain     : Will secure any request with [org.springframework.security.web.context.request.async.WebAsyncManagerIntegrationFilter@66b4a1f9, org.springframework.security.web.context.SecurityContextPersistenceFilter@2da0fc13, org.springframework.security.web.header.HeaderWriterFilter@498f035e, org.springframework.security.web.csrf.CsrfFilter@3fa7d143, org.springframework.security.web.authentication.logout.LogoutFilter@6aea1aef, org.springframework.security.web.authentication.UsernamePasswordAuthenticationFilter@458ee1d0, org.springframework.security.web.savedrequest.RequestCacheAwareFilter@3d0cffd4, org.springframework.security.web.servletapi.SecurityContextHolderAwareRequestFilter@c288ed8, org.springframework.security.web.authentication.rememberme.RememberMeAuthenticationFilter@20b03a2b, org.springframework.security.web.authentication.AnonymousAuthenticationFilter@43a53c61, org.springframework.security.web.session.SessionManagementFilter@2c0c0d18, org.springframework.security.web.access.ExceptionTranslationFilter@63ae7249, org.springframework.security.web.access.intercept.FilterSecurityInterceptor@5adfed7b]
2022-08-28 21:29:17.486  INFO 8304 --- [restartedMain] o.s.s.concurrent.ThreadPoolTaskExecutor  : Initializing ExecutorService 'applicationTaskExecutor'
2022-08-28 21:29:17.531  INFO 8304 --- [restartedMain] o.s.b.a.w.s.WelcomePageHandlerMapping    : Adding welcome page template: index
2022-08-28 21:29:18.193  INFO 8304 --- [restartedMain] o.s.b.w.embedded.tomcat.TomcatWebServer  : Tomcat started on port(s): 8081 (http) with context path '/ShopmeAdmin'
2022-08-28 21:29:18.207  INFO 8304 --- [restartedMain] c.shopme.admin.ShopmeBackEndApplication  : Started ShopmeBackEndApplication in 2.489 seconds (JVM running for 342.802)
2022-08-28 21:29:18.216  INFO 8304 --- [restartedMain] .ConditionEvaluationDeltaLoggingListener : Condition evaluation unchanged
2022-08-28 21:30:47.132  INFO 8304 --- [RMI TCP Connection(17)-127.0.0.1] inMXBeanRegistrar$SpringApplicationAdmin : Application shutdown requested.
2022-08-28 21:30:47.158  INFO 8304 --- [RMI TCP Connection(17)-127.0.0.1] o.s.s.concurrent.ThreadPoolTaskExecutor  : Shutting down ExecutorService 'applicationTaskExecutor'
2022-08-28 21:30:47.159  INFO 8304 --- [RMI TCP Connection(17)-127.0.0.1] j.LocalContainerEntityManagerFactoryBean : Closing JPA EntityManagerFactory for persistence unit 'default'
2022-08-28 21:30:47.161  INFO 8304 --- [RMI TCP Connection(17)-127.0.0.1] com.zaxxer.hikari.HikariDataSource       : HikariPool-3 - Shutdown initiated...
2022-08-28 21:30:47.171  INFO 8304 --- [RMI TCP Connection(17)-127.0.0.1] com.zaxxer.hikari.HikariDataSource       : HikariPool-3 - Shutdown completed.
2022-08-28 21:30:53.780  INFO 3768 --- [restartedMain] c.shopme.admin.ShopmeBackEndApplication  : Starting ShopmeBackEndApplication using Java 17.0.2 on DESKTOP-TUNGNUI with PID 3768 (D:\ShopmeEcommerce\shopme\ShopmeWebParent\ShopmeBackEnd\target\classes started by ADMIN in D:\ShopmeEcommerce\shopme\ShopmeWebParent\ShopmeBackEnd)
2022-08-28 21:30:53.787  INFO 3768 --- [restartedMain] c.shopme.admin.ShopmeBackEndApplication  : No active profile set, falling back to default profiles: default
2022-08-28 21:30:53.862  INFO 3768 --- [restartedMain] .e.DevToolsPropertyDefaultsPostProcessor : Devtools property defaults active! Set 'spring.devtools.add-properties' to 'false' to disable
2022-08-28 21:30:53.863  INFO 3768 --- [restartedMain] .e.DevToolsPropertyDefaultsPostProcessor : For additional web related logging consider setting the 'logging.level.web' property to 'DEBUG'
2022-08-28 21:30:54.748  INFO 3768 --- [restartedMain] .s.d.r.c.RepositoryConfigurationDelegate : Bootstrapping Spring Data JPA repositories in DEFAULT mode.
2022-08-28 21:30:54.832  INFO 3768 --- [restartedMain] .s.d.r.c.RepositoryConfigurationDelegate : Finished Spring Data repository scanning in 72 ms. Found 2 JPA repository interfaces.
2022-08-28 21:30:55.605  INFO 3768 --- [restartedMain] o.s.b.w.embedded.tomcat.TomcatWebServer  : Tomcat initialized with port(s): 8081 (http)
2022-08-28 21:30:55.617  INFO 3768 --- [restartedMain] o.apache.catalina.core.StandardService   : Starting service [Tomcat]
2022-08-28 21:30:55.617  INFO 3768 --- [restartedMain] org.apache.catalina.core.StandardEngine  : Starting Servlet engine: [Apache Tomcat/9.0.41]
2022-08-28 21:30:55.751  INFO 3768 --- [restartedMain] o.a.c.c.C.[.[localhost].[/ShopmeAdmin]   : Initializing Spring embedded WebApplicationContext
2022-08-28 21:30:55.752  INFO 3768 --- [restartedMain] w.s.c.ServletWebServerApplicationContext : Root WebApplicationContext: initialization completed in 1888 ms
2022-08-28 21:30:56.081  INFO 3768 --- [restartedMain] o.hibernate.jpa.internal.util.LogHelper  : HHH000204: Processing PersistenceUnitInfo [name: default]
2022-08-28 21:30:56.166  INFO 3768 --- [restartedMain] org.hibernate.Version                    : HHH000412: Hibernate ORM core version 5.4.25.Final
2022-08-28 21:30:56.369  INFO 3768 --- [restartedMain] o.hibernate.annotations.common.Version   : HCANN000001: Hibernate Commons Annotations {5.1.2.Final}
2022-08-28 21:30:56.526  INFO 3768 --- [restartedMain] com.zaxxer.hikari.HikariDataSource       : HikariPool-1 - Starting...
2022-08-28 21:30:57.061  INFO 3768 --- [restartedMain] com.zaxxer.hikari.HikariDataSource       : HikariPool-1 - Start completed.
2022-08-28 21:30:57.084  INFO 3768 --- [restartedMain] org.hibernate.dialect.Dialect            : HHH000400: Using dialect: org.hibernate.dialect.MySQL8Dialect
2022-08-28 21:30:58.141  INFO 3768 --- [restartedMain] o.h.e.t.j.p.i.JtaPlatformInitiator       : HHH000490: Using JtaPlatform implementation: [org.hibernate.engine.transaction.jta.platform.internal.NoJtaPlatform]
2022-08-28 21:30:58.152  INFO 3768 --- [restartedMain] j.LocalContainerEntityManagerFactoryBean : Initialized JPA EntityManagerFactory for persistence unit 'default'
2022-08-28 21:30:58.195  INFO 3768 --- [restartedMain] o.s.b.d.a.OptionalLiveReloadServer       : LiveReload server is running on port 35729
2022-08-28 21:30:58.284  WARN 3768 --- [restartedMain] JpaBaseConfiguration$JpaWebConfiguration : spring.jpa.open-in-view is enabled by default. Therefore, database queries may be performed during view rendering. Explicitly configure spring.jpa.open-in-view to disable this warning
2022-08-28 21:30:59.143  INFO 3768 --- [restartedMain] o.s.s.web.DefaultSecurityFilterChain     : Will secure Ant [pattern='/images/**'] with []
2022-08-28 21:30:59.143  INFO 3768 --- [restartedMain] o.s.s.web.DefaultSecurityFilterChain     : Will secure Ant [pattern='/js/**'] with []
2022-08-28 21:30:59.143  INFO 3768 --- [restartedMain] o.s.s.web.DefaultSecurityFilterChain     : Will secure Ant [pattern='/webjars/**'] with []
2022-08-28 21:30:59.190  INFO 3768 --- [restartedMain] o.s.s.web.DefaultSecurityFilterChain     : Will secure any request with [org.springframework.security.web.context.request.async.WebAsyncManagerIntegrationFilter@53c19f12, org.springframework.security.web.context.SecurityContextPersistenceFilter@7d5ea55b, org.springframework.security.web.header.HeaderWriterFilter@382d126d, org.springframework.security.web.csrf.CsrfFilter@1b019e1b, org.springframework.security.web.authentication.logout.LogoutFilter@705c6cab, org.springframework.security.web.authentication.UsernamePasswordAuthenticationFilter@5198741b, org.springframework.security.web.savedrequest.RequestCacheAwareFilter@75881e9c, org.springframework.security.web.servletapi.SecurityContextHolderAwareRequestFilter@3867fc52, org.springframework.security.web.authentication.rememberme.RememberMeAuthenticationFilter@1efe882c, org.springframework.security.web.authentication.AnonymousAuthenticationFilter@4db06f90, org.springframework.security.web.session.SessionManagementFilter@5a6c9f53, org.springframework.security.web.access.ExceptionTranslationFilter@2d0580b6, org.springframework.security.web.access.intercept.FilterSecurityInterceptor@6813f29e]
2022-08-28 21:30:59.344  INFO 3768 --- [restartedMain] o.s.s.concurrent.ThreadPoolTaskExecutor  : Initializing ExecutorService 'applicationTaskExecutor'
2022-08-28 21:30:59.483  INFO 3768 --- [restartedMain] o.s.b.a.w.s.WelcomePageHandlerMapping    : Adding welcome page template: index
2022-08-28 21:31:00.374  INFO 3768 --- [restartedMain] o.s.b.w.embedded.tomcat.TomcatWebServer  : Tomcat started on port(s): 8081 (http) with context path '/ShopmeAdmin'
2022-08-28 21:31:00.386  INFO 3768 --- [restartedMain] c.shopme.admin.ShopmeBackEndApplication  : Started ShopmeBackEndApplication in 7.184 seconds (JVM running for 8.52)
2022-08-28 21:33:29.173  INFO 3768 --- [Thread-4] o.s.s.concurrent.ThreadPoolTaskExecutor  : Shutting down ExecutorService 'applicationTaskExecutor'
2022-08-28 21:33:29.176  INFO 3768 --- [Thread-4] j.LocalContainerEntityManagerFactoryBean : Closing JPA EntityManagerFactory for persistence unit 'default'
2022-08-28 21:33:29.183  INFO 3768 --- [Thread-4] com.zaxxer.hikari.HikariDataSource       : HikariPool-1 - Shutdown initiated...
2022-08-28 21:33:29.209  INFO 3768 --- [Thread-4] com.zaxxer.hikari.HikariDataSource       : HikariPool-1 - Shutdown completed.
2022-08-28 21:40:11.110  INFO 17984 --- [restartedMain] c.shopme.admin.ShopmeBackEndApplication  : Starting ShopmeBackEndApplication using Java 17.0.2 on DESKTOP-TUNGNUI with PID 17984 (D:\ShopmeEcommerce\shopme\ShopmeWebParent\ShopmeBackEnd\target\classes started by ADMIN in D:\ShopmeEcommerce\shopme\ShopmeWebParent\ShopmeBackEnd)
2022-08-28 21:40:11.118  INFO 17984 --- [restartedMain] c.shopme.admin.ShopmeBackEndApplication  : No active profile set, falling back to default profiles: default
2022-08-28 21:40:11.276  INFO 17984 --- [restartedMain] .e.DevToolsPropertyDefaultsPostProcessor : Devtools property defaults active! Set 'spring.devtools.add-properties' to 'false' to disable
2022-08-28 21:40:11.277  INFO 17984 --- [restartedMain] .e.DevToolsPropertyDefaultsPostProcessor : For additional web related logging consider setting the 'logging.level.web' property to 'DEBUG'
2022-08-28 21:40:12.643  INFO 17984 --- [restartedMain] .s.d.r.c.RepositoryConfigurationDelegate : Bootstrapping Spring Data JPA repositories in DEFAULT mode.
2022-08-28 21:40:12.793  INFO 17984 --- [restartedMain] .s.d.r.c.RepositoryConfigurationDelegate : Finished Spring Data repository scanning in 124 ms. Found 2 JPA repository interfaces.
2022-08-28 21:40:14.054  INFO 17984 --- [restartedMain] o.s.b.w.embedded.tomcat.TomcatWebServer  : Tomcat initialized with port(s): 8081 (http)
2022-08-28 21:40:14.071  INFO 17984 --- [restartedMain] o.apache.catalina.core.StandardService   : Starting service [Tomcat]
2022-08-28 21:40:14.071  INFO 17984 --- [restartedMain] org.apache.catalina.core.StandardEngine  : Starting Servlet engine: [Apache Tomcat/9.0.41]
2022-08-28 21:40:14.221  INFO 17984 --- [restartedMain] o.a.c.c.C.[.[localhost].[/ShopmeAdmin]   : Initializing Spring embedded WebApplicationContext
2022-08-28 21:40:14.221  INFO 17984 --- [restartedMain] w.s.c.ServletWebServerApplicationContext : Root WebApplicationContext: initialization completed in 2942 ms
2022-08-28 21:40:14.647  INFO 17984 --- [restartedMain] o.hibernate.jpa.internal.util.LogHelper  : HHH000204: Processing PersistenceUnitInfo [name: default]
2022-08-28 21:40:14.753  INFO 17984 --- [restartedMain] org.hibernate.Version                    : HHH000412: Hibernate ORM core version 5.4.25.Final
2022-08-28 21:40:15.040  INFO 17984 --- [restartedMain] o.hibernate.annotations.common.Version   : HCANN000001: Hibernate Commons Annotations {5.1.2.Final}
2022-08-28 21:40:15.259  INFO 17984 --- [restartedMain] com.zaxxer.hikari.HikariDataSource       : HikariPool-1 - Starting...
2022-08-28 21:40:15.868  INFO 17984 --- [restartedMain] com.zaxxer.hikari.HikariDataSource       : HikariPool-1 - Start completed.
2022-08-28 21:40:15.906  INFO 17984 --- [restartedMain] org.hibernate.dialect.Dialect            : HHH000400: Using dialect: org.hibernate.dialect.MySQL8Dialect
2022-08-28 21:40:17.624  INFO 17984 --- [restartedMain] o.h.e.t.j.p.i.JtaPlatformInitiator       : HHH000490: Using JtaPlatform implementation: [org.hibernate.engine.transaction.jta.platform.internal.NoJtaPlatform]
2022-08-28 21:40:17.639  INFO 17984 --- [restartedMain] j.LocalContainerEntityManagerFactoryBean : Initialized JPA EntityManagerFactory for persistence unit 'default'
2022-08-28 21:40:17.713  INFO 17984 --- [restartedMain] o.s.b.d.a.OptionalLiveReloadServer       : LiveReload server is running on port 35729
2022-08-28 21:40:17.865  WARN 17984 --- [restartedMain] JpaBaseConfiguration$JpaWebConfiguration : spring.jpa.open-in-view is enabled by default. Therefore, database queries may be performed during view rendering. Explicitly configure spring.jpa.open-in-view to disable this warning
2022-08-28 21:40:19.224  INFO 17984 --- [restartedMain] o.s.s.web.DefaultSecurityFilterChain     : Will secure Ant [pattern='/images/**'] with []
2022-08-28 21:40:19.224  INFO 17984 --- [restartedMain] o.s.s.web.DefaultSecurityFilterChain     : Will secure Ant [pattern='/js/**'] with []
2022-08-28 21:40:19.225  INFO 17984 --- [restartedMain] o.s.s.web.DefaultSecurityFilterChain     : Will secure Ant [pattern='/webjars/**'] with []
2022-08-28 21:40:19.324  INFO 17984 --- [restartedMain] o.s.s.web.DefaultSecurityFilterChain     : Will secure any request with [org.springframework.security.web.context.request.async.WebAsyncManagerIntegrationFilter@96f75ad, org.springframework.security.web.context.SecurityContextPersistenceFilter@15d80f76, org.springframework.security.web.header.HeaderWriterFilter@651de375, org.springframework.security.web.csrf.CsrfFilter@5f23e448, org.springframework.security.web.authentication.logout.LogoutFilter@2e9ca96d, org.springframework.security.web.authentication.UsernamePasswordAuthenticationFilter@79730456, org.springframework.security.web.savedrequest.RequestCacheAwareFilter@78657e62, org.springframework.security.web.servletapi.SecurityContextHolderAwareRequestFilter@4adb6d3a, org.springframework.security.web.authentication.rememberme.RememberMeAuthenticationFilter@1c1d74d0, org.springframework.security.web.authentication.AnonymousAuthenticationFilter@47f23aac, org.springframework.security.web.session.SessionManagementFilter@44206ef5, org.springframework.security.web.access.ExceptionTranslationFilter@6442a00f, org.springframework.security.web.access.intercept.FilterSecurityInterceptor@3071f56f]
2022-08-28 21:40:19.627  INFO 17984 --- [restartedMain] o.s.s.concurrent.ThreadPoolTaskExecutor  : Initializing ExecutorService 'applicationTaskExecutor'
2022-08-28 21:40:19.857  INFO 17984 --- [restartedMain] o.s.b.a.w.s.WelcomePageHandlerMapping    : Adding welcome page template: index
2022-08-28 21:40:21.433  INFO 17984 --- [restartedMain] o.s.b.w.embedded.tomcat.TomcatWebServer  : Tomcat started on port(s): 8081 (http) with context path '/ShopmeAdmin'
2022-08-28 21:40:21.452  INFO 17984 --- [restartedMain] c.shopme.admin.ShopmeBackEndApplication  : Started ShopmeBackEndApplication in 11.135 seconds (JVM running for 12.633)
2022-08-28 21:47:41.813  INFO 17984 --- [Thread-4] o.s.s.concurrent.ThreadPoolTaskExecutor  : Shutting down ExecutorService 'applicationTaskExecutor'
2022-08-28 21:47:41.816  INFO 17984 --- [Thread-4] j.LocalContainerEntityManagerFactoryBean : Closing JPA EntityManagerFactory for persistence unit 'default'
2022-08-28 21:47:41.821  INFO 17984 --- [Thread-4] com.zaxxer.hikari.HikariDataSource       : HikariPool-1 - Shutdown initiated...
2022-08-28 21:47:41.837  INFO 17984 --- [Thread-4] com.zaxxer.hikari.HikariDataSource       : HikariPool-1 - Shutdown completed.
2022-08-28 21:47:42.007  INFO 17984 --- [restartedMain] c.shopme.admin.ShopmeBackEndApplication  : Starting ShopmeBackEndApplication using Java 17.0.2 on DESKTOP-TUNGNUI with PID 17984 (D:\ShopmeEcommerce\shopme\ShopmeWebParent\ShopmeBackEnd\target\classes started by ADMIN in D:\ShopmeEcommerce\shopme\ShopmeWebParent\ShopmeBackEnd)
2022-08-28 21:47:42.008  INFO 17984 --- [restartedMain] c.shopme.admin.ShopmeBackEndApplication  : No active profile set, falling back to default profiles: default
2022-08-28 21:47:42.436  INFO 17984 --- [restartedMain] .s.d.r.c.RepositoryConfigurationDelegate : Bootstrapping Spring Data JPA repositories in DEFAULT mode.
2022-08-28 21:47:42.460  INFO 17984 --- [restartedMain] .s.d.r.c.RepositoryConfigurationDelegate : Finished Spring Data repository scanning in 23 ms. Found 2 JPA repository interfaces.
2022-08-28 21:47:42.626  INFO 17984 --- [restartedMain] o.s.b.w.embedded.tomcat.TomcatWebServer  : Tomcat initialized with port(s): 8081 (http)
2022-08-28 21:47:42.627  INFO 17984 --- [restartedMain] o.apache.catalina.core.StandardService   : Starting service [Tomcat]
2022-08-28 21:47:42.627  INFO 17984 --- [restartedMain] org.apache.catalina.core.StandardEngine  : Starting Servlet engine: [Apache Tomcat/9.0.41]
2022-08-28 21:47:42.658  INFO 17984 --- [restartedMain] o.a.c.c.C.[.[localhost].[/ShopmeAdmin]   : Initializing Spring embedded WebApplicationContext
2022-08-28 21:47:42.659  INFO 17984 --- [restartedMain] w.s.c.ServletWebServerApplicationContext : Root WebApplicationContext: initialization completed in 640 ms
2022-08-28 21:47:42.716  INFO 17984 --- [restartedMain] o.hibernate.jpa.internal.util.LogHelper  : HHH000204: Processing PersistenceUnitInfo [name: default]
2022-08-28 21:47:42.724  INFO 17984 --- [restartedMain] com.zaxxer.hikari.HikariDataSource       : HikariPool-2 - Starting...
2022-08-28 21:47:42.768  INFO 17984 --- [restartedMain] com.zaxxer.hikari.HikariDataSource       : HikariPool-2 - Start completed.
2022-08-28 21:47:42.769  INFO 17984 --- [restartedMain] org.hibernate.dialect.Dialect            : HHH000400: Using dialect: org.hibernate.dialect.MySQL8Dialect
2022-08-28 21:47:42.878  INFO 17984 --- [restartedMain] o.h.e.t.j.p.i.JtaPlatformInitiator       : HHH000490: Using JtaPlatform implementation: [org.hibernate.engine.transaction.jta.platform.internal.NoJtaPlatform]
2022-08-28 21:47:42.878  INFO 17984 --- [restartedMain] j.LocalContainerEntityManagerFactoryBean : Initialized JPA EntityManagerFactory for persistence unit 'default'
2022-08-28 21:47:42.897  INFO 17984 --- [restartedMain] o.s.b.d.a.OptionalLiveReloadServer       : LiveReload server is running on port 35729
2022-08-28 21:47:42.932  WARN 17984 --- [restartedMain] JpaBaseConfiguration$JpaWebConfiguration : spring.jpa.open-in-view is enabled by default. Therefore, database queries may be performed during view rendering. Explicitly configure spring.jpa.open-in-view to disable this warning
2022-08-28 21:47:43.133  INFO 17984 --- [restartedMain] o.s.s.web.DefaultSecurityFilterChain     : Will secure Ant [pattern='/images/**'] with []
2022-08-28 21:47:43.134  INFO 17984 --- [restartedMain] o.s.s.web.DefaultSecurityFilterChain     : Will secure Ant [pattern='/js/**'] with []
2022-08-28 21:47:43.134  INFO 17984 --- [restartedMain] o.s.s.web.DefaultSecurityFilterChain     : Will secure Ant [pattern='/webjars/**'] with []
2022-08-28 21:47:43.147  INFO 17984 --- [restartedMain] o.s.s.web.DefaultSecurityFilterChain     : Will secure any request with [org.springframework.security.web.context.request.async.WebAsyncManagerIntegrationFilter@65f27433, org.springframework.security.web.context.SecurityContextPersistenceFilter@7320386f, org.springframework.security.web.header.HeaderWriterFilter@7df898, org.springframework.security.web.csrf.CsrfFilter@7cbef52e, org.springframework.security.web.authentication.logout.LogoutFilter@202c0928, org.springframework.security.web.authentication.UsernamePasswordAuthenticationFilter@69e54779, org.springframework.security.web.savedrequest.RequestCacheAwareFilter@20641374, org.springframework.security.web.servletapi.SecurityContextHolderAwareRequestFilter@4fb296d8, org.springframework.security.web.authentication.rememberme.RememberMeAuthenticationFilter@60b441d6, org.springframework.security.web.authentication.AnonymousAuthenticationFilter@3d5048b1, org.springframework.security.web.session.SessionManagementFilter@783cb5c3, org.springframework.security.web.access.ExceptionTranslationFilter@59c14add, org.springframework.security.web.access.intercept.FilterSecurityInterceptor@17a9fa76]
2022-08-28 21:47:43.189  INFO 17984 --- [restartedMain] o.s.s.concurrent.ThreadPoolTaskExecutor  : Initializing ExecutorService 'applicationTaskExecutor'
2022-08-28 21:47:43.214  INFO 17984 --- [restartedMain] o.s.b.a.w.s.WelcomePageHandlerMapping    : Adding welcome page template: index
2022-08-28 21:47:43.736  INFO 17984 --- [restartedMain] o.s.b.w.embedded.tomcat.TomcatWebServer  : Tomcat started on port(s): 8081 (http) with context path '/ShopmeAdmin'
2022-08-28 21:47:43.755  INFO 17984 --- [restartedMain] c.shopme.admin.ShopmeBackEndApplication  : Started ShopmeBackEndApplication in 1.833 seconds (JVM running for 454.936)
2022-08-28 21:47:43.769  INFO 17984 --- [restartedMain] .ConditionEvaluationDeltaLoggingListener : Condition evaluation unchanged
2022-08-28 21:49:03.278  INFO 17984 --- [Thread-8] o.s.s.concurrent.ThreadPoolTaskExecutor  : Shutting down ExecutorService 'applicationTaskExecutor'
2022-08-28 21:49:03.281  INFO 17984 --- [Thread-8] j.LocalContainerEntityManagerFactoryBean : Closing JPA EntityManagerFactory for persistence unit 'default'
2022-08-28 21:49:03.282  INFO 17984 --- [Thread-8] com.zaxxer.hikari.HikariDataSource       : HikariPool-2 - Shutdown initiated...
2022-08-28 21:49:03.310  INFO 17984 --- [Thread-8] com.zaxxer.hikari.HikariDataSource       : HikariPool-2 - Shutdown completed.
2022-08-28 21:49:03.493  INFO 17984 --- [restartedMain] c.shopme.admin.ShopmeBackEndApplication  : Starting ShopmeBackEndApplication using Java 17.0.2 on DESKTOP-TUNGNUI with PID 17984 (D:\ShopmeEcommerce\shopme\ShopmeWebParent\ShopmeBackEnd\target\classes started by ADMIN in D:\ShopmeEcommerce\shopme\ShopmeWebParent\ShopmeBackEnd)
2022-08-28 21:49:03.496  INFO 17984 --- [restartedMain] c.shopme.admin.ShopmeBackEndApplication  : No active profile set, falling back to default profiles: default
2022-08-28 21:49:04.015  INFO 17984 --- [restartedMain] .s.d.r.c.RepositoryConfigurationDelegate : Bootstrapping Spring Data JPA repositories in DEFAULT mode.
2022-08-28 21:49:04.054  INFO 17984 --- [restartedMain] .s.d.r.c.RepositoryConfigurationDelegate : Finished Spring Data repository scanning in 38 ms. Found 2 JPA repository interfaces.
2022-08-28 21:49:04.294  INFO 17984 --- [restartedMain] o.s.b.w.embedded.tomcat.TomcatWebServer  : Tomcat initialized with port(s): 8081 (http)
2022-08-28 21:49:04.294  INFO 17984 --- [restartedMain] o.apache.catalina.core.StandardService   : Starting service [Tomcat]
2022-08-28 21:49:04.294  INFO 17984 --- [restartedMain] org.apache.catalina.core.StandardEngine  : Starting Servlet engine: [Apache Tomcat/9.0.41]
2022-08-28 21:49:04.350  INFO 17984 --- [restartedMain] o.a.c.c.C.[.[localhost].[/ShopmeAdmin]   : Initializing Spring embedded WebApplicationContext
2022-08-28 21:49:04.351  INFO 17984 --- [restartedMain] w.s.c.ServletWebServerApplicationContext : Root WebApplicationContext: initialization completed in 850 ms
2022-08-28 21:49:04.438  INFO 17984 --- [restartedMain] o.hibernate.jpa.internal.util.LogHelper  : HHH000204: Processing PersistenceUnitInfo [name: default]
2022-08-28 21:49:04.453  INFO 17984 --- [restartedMain] com.zaxxer.hikari.HikariDataSource       : HikariPool-3 - Starting...
2022-08-28 21:49:04.487  INFO 17984 --- [restartedMain] com.zaxxer.hikari.HikariDataSource       : HikariPool-3 - Start completed.
2022-08-28 21:49:04.488  INFO 17984 --- [restartedMain] org.hibernate.dialect.Dialect            : HHH000400: Using dialect: org.hibernate.dialect.MySQL8Dialect
2022-08-28 21:49:04.689  INFO 17984 --- [restartedMain] o.h.e.t.j.p.i.JtaPlatformInitiator       : HHH000490: Using JtaPlatform implementation: [org.hibernate.engine.transaction.jta.platform.internal.NoJtaPlatform]
2022-08-28 21:49:04.690  INFO 17984 --- [restartedMain] j.LocalContainerEntityManagerFactoryBean : Initialized JPA EntityManagerFactory for persistence unit 'default'
2022-08-28 21:49:04.715  INFO 17984 --- [restartedMain] o.s.b.d.a.OptionalLiveReloadServer       : LiveReload server is running on port 35729
2022-08-28 21:49:04.799  WARN 17984 --- [restartedMain] JpaBaseConfiguration$JpaWebConfiguration : spring.jpa.open-in-view is enabled by default. Therefore, database queries may be performed during view rendering. Explicitly configure spring.jpa.open-in-view to disable this warning
2022-08-28 21:49:05.111  INFO 17984 --- [restartedMain] o.s.s.web.DefaultSecurityFilterChain     : Will secure Ant [pattern='/images/**'] with []
2022-08-28 21:49:05.111  INFO 17984 --- [restartedMain] o.s.s.web.DefaultSecurityFilterChain     : Will secure Ant [pattern='/js/**'] with []
2022-08-28 21:49:05.111  INFO 17984 --- [restartedMain] o.s.s.web.DefaultSecurityFilterChain     : Will secure Ant [pattern='/webjars/**'] with []
2022-08-28 21:49:05.148  INFO 17984 --- [restartedMain] o.s.s.web.DefaultSecurityFilterChain     : Will secure any request with [org.springframework.security.web.context.request.async.WebAsyncManagerIntegrationFilter@3a7564cb, org.springframework.security.web.context.SecurityContextPersistenceFilter@1158a26f, org.springframework.security.web.header.HeaderWriterFilter@3f35b495, org.springframework.security.web.csrf.CsrfFilter@3979f207, org.springframework.security.web.authentication.logout.LogoutFilter@1069e872, org.springframework.security.web.authentication.UsernamePasswordAuthenticationFilter@55d5ec73, org.springframework.security.web.savedrequest.RequestCacheAwareFilter@d839e17, org.springframework.security.web.servletapi.SecurityContextHolderAwareRequestFilter@1f80022e, org.springframework.security.web.authentication.rememberme.RememberMeAuthenticationFilter@1d3e2c6f, org.springframework.security.web.authentication.AnonymousAuthenticationFilter@7d1e31c9, org.springframework.security.web.session.SessionManagementFilter@67479d4a, org.springframework.security.web.access.ExceptionTranslationFilter@6d0e292a, org.springframework.security.web.access.intercept.FilterSecurityInterceptor@859fea2]
2022-08-28 21:49:05.358  INFO 17984 --- [restartedMain] o.s.s.concurrent.ThreadPoolTaskExecutor  : Initializing ExecutorService 'applicationTaskExecutor'
2022-08-28 21:49:05.461  INFO 17984 --- [restartedMain] o.s.b.a.w.s.WelcomePageHandlerMapping    : Adding welcome page template: index
2022-08-28 21:49:06.536  INFO 17984 --- [restartedMain] o.s.b.w.embedded.tomcat.TomcatWebServer  : Tomcat started on port(s): 8081 (http) with context path '/ShopmeAdmin'
2022-08-28 21:49:06.550  INFO 17984 --- [restartedMain] c.shopme.admin.ShopmeBackEndApplication  : Started ShopmeBackEndApplication in 3.124 seconds (JVM running for 537.731)
2022-08-28 21:49:06.575  INFO 17984 --- [restartedMain] .ConditionEvaluationDeltaLoggingListener : Condition evaluation unchanged
2022-08-28 21:49:22.623  INFO 17984 --- [Thread-13] o.s.s.concurrent.ThreadPoolTaskExecutor  : Shutting down ExecutorService 'applicationTaskExecutor'
2022-08-28 21:49:22.626  INFO 17984 --- [Thread-13] j.LocalContainerEntityManagerFactoryBean : Closing JPA EntityManagerFactory for persistence unit 'default'
2022-08-28 21:49:22.627  INFO 17984 --- [Thread-13] com.zaxxer.hikari.HikariDataSource       : HikariPool-3 - Shutdown initiated...
2022-08-28 21:49:22.637  INFO 17984 --- [Thread-13] com.zaxxer.hikari.HikariDataSource       : HikariPool-3 - Shutdown completed.
2022-08-28 21:49:22.776  INFO 17984 --- [restartedMain] c.shopme.admin.ShopmeBackEndApplication  : Starting ShopmeBackEndApplication using Java 17.0.2 on DESKTOP-TUNGNUI with PID 17984 (D:\ShopmeEcommerce\shopme\ShopmeWebParent\ShopmeBackEnd\target\classes started by ADMIN in D:\ShopmeEcommerce\shopme\ShopmeWebParent\ShopmeBackEnd)
2022-08-28 21:49:22.777  INFO 17984 --- [restartedMain] c.shopme.admin.ShopmeBackEndApplication  : No active profile set, falling back to default profiles: default
2022-08-28 21:49:23.225  INFO 17984 --- [restartedMain] .s.d.r.c.RepositoryConfigurationDelegate : Bootstrapping Spring Data JPA repositories in DEFAULT mode.
2022-08-28 21:49:23.256  INFO 17984 --- [restartedMain] .s.d.r.c.RepositoryConfigurationDelegate : Finished Spring Data repository scanning in 29 ms. Found 2 JPA repository interfaces.
2022-08-28 21:49:23.584  INFO 17984 --- [restartedMain] o.s.b.w.embedded.tomcat.TomcatWebServer  : Tomcat initialized with port(s): 8081 (http)
2022-08-28 21:49:23.585  INFO 17984 --- [restartedMain] o.apache.catalina.core.StandardService   : Starting service [Tomcat]
2022-08-28 21:49:23.586  INFO 17984 --- [restartedMain] org.apache.catalina.core.StandardEngine  : Starting Servlet engine: [Apache Tomcat/9.0.41]
2022-08-28 21:49:23.679  INFO 17984 --- [restartedMain] o.a.c.c.C.[.[localhost].[/ShopmeAdmin]   : Initializing Spring embedded WebApplicationContext
2022-08-28 21:49:23.680  INFO 17984 --- [restartedMain] w.s.c.ServletWebServerApplicationContext : Root WebApplicationContext: initialization completed in 900 ms
2022-08-28 21:49:23.852  INFO 17984 --- [restartedMain] o.hibernate.jpa.internal.util.LogHelper  : HHH000204: Processing PersistenceUnitInfo [name: default]
2022-08-28 21:49:23.893  INFO 17984 --- [restartedMain] com.zaxxer.hikari.HikariDataSource       : HikariPool-4 - Starting...
2022-08-28 21:49:23.920  INFO 17984 --- [restartedMain] com.zaxxer.hikari.HikariDataSource       : HikariPool-4 - Start completed.
2022-08-28 21:49:23.922  INFO 17984 --- [restartedMain] org.hibernate.dialect.Dialect            : HHH000400: Using dialect: org.hibernate.dialect.MySQL8Dialect
2022-08-28 21:49:24.119  INFO 17984 --- [restartedMain] o.h.e.t.j.p.i.JtaPlatformInitiator       : HHH000490: Using JtaPlatform implementation: [org.hibernate.engine.transaction.jta.platform.internal.NoJtaPlatform]
2022-08-28 21:49:24.120  INFO 17984 --- [restartedMain] j.LocalContainerEntityManagerFactoryBean : Initialized JPA EntityManagerFactory for persistence unit 'default'
2022-08-28 21:49:24.152  INFO 17984 --- [restartedMain] o.s.b.d.a.OptionalLiveReloadServer       : LiveReload server is running on port 35729
2022-08-28 21:49:24.232  WARN 17984 --- [restartedMain] JpaBaseConfiguration$JpaWebConfiguration : spring.jpa.open-in-view is enabled by default. Therefore, database queries may be performed during view rendering. Explicitly configure spring.jpa.open-in-view to disable this warning
2022-08-28 21:49:24.481  INFO 17984 --- [restartedMain] o.s.s.web.DefaultSecurityFilterChain     : Will secure Ant [pattern='/images/**'] with []
2022-08-28 21:49:24.482  INFO 17984 --- [restartedMain] o.s.s.web.DefaultSecurityFilterChain     : Will secure Ant [pattern='/js/**'] with []
2022-08-28 21:49:24.482  INFO 17984 --- [restartedMain] o.s.s.web.DefaultSecurityFilterChain     : Will secure Ant [pattern='/webjars/**'] with []
2022-08-28 21:49:24.501  INFO 17984 --- [restartedMain] o.s.s.web.DefaultSecurityFilterChain     : Will secure any request with [org.springframework.security.web.context.request.async.WebAsyncManagerIntegrationFilter@33fb15e8, org.springframework.security.web.context.SecurityContextPersistenceFilter@b2996a5, org.springframework.security.web.header.HeaderWriterFilter@4a1f242c, org.springframework.security.web.csrf.CsrfFilter@274ac301, org.springframework.security.web.authentication.logout.LogoutFilter@4e3d4a21, org.springframework.security.web.authentication.UsernamePasswordAuthenticationFilter@71878a65, org.springframework.security.web.savedrequest.RequestCacheAwareFilter@10cafec1, org.springframework.security.web.servletapi.SecurityContextHolderAwareRequestFilter@234796b0, org.springframework.security.web.authentication.rememberme.RememberMeAuthenticationFilter@cf2175d, org.springframework.security.web.authentication.AnonymousAuthenticationFilter@d10391, org.springframework.security.web.session.SessionManagementFilter@7a8a103e, org.springframework.security.web.access.ExceptionTranslationFilter@1ff09110, org.springframework.security.web.access.intercept.FilterSecurityInterceptor@3c11e11f]
2022-08-28 21:49:24.580  INFO 17984 --- [restartedMain] o.s.s.concurrent.ThreadPoolTaskExecutor  : Initializing ExecutorService 'applicationTaskExecutor'
2022-08-28 21:49:24.625  INFO 17984 --- [restartedMain] o.s.b.a.w.s.WelcomePageHandlerMapping    : Adding welcome page template: index
2022-08-28 21:49:25.260  INFO 17984 --- [restartedMain] o.s.b.w.embedded.tomcat.TomcatWebServer  : Tomcat started on port(s): 8081 (http) with context path '/ShopmeAdmin'
2022-08-28 21:49:25.273  INFO 17984 --- [restartedMain] c.shopme.admin.ShopmeBackEndApplication  : Started ShopmeBackEndApplication in 2.546 seconds (JVM running for 556.454)
2022-08-28 21:49:25.275  INFO 17984 --- [restartedMain] .ConditionEvaluationDeltaLoggingListener : Condition evaluation unchanged
2022-08-28 21:49:31.116  INFO 17984 --- [Thread-18] o.s.s.concurrent.ThreadPoolTaskExecutor  : Shutting down ExecutorService 'applicationTaskExecutor'
2022-08-28 21:49:31.117  INFO 17984 --- [Thread-18] j.LocalContainerEntityManagerFactoryBean : Closing JPA EntityManagerFactory for persistence unit 'default'
2022-08-28 21:49:31.118  INFO 17984 --- [Thread-18] com.zaxxer.hikari.HikariDataSource       : HikariPool-4 - Shutdown initiated...
2022-08-28 21:49:31.132  INFO 17984 --- [Thread-18] com.zaxxer.hikari.HikariDataSource       : HikariPool-4 - Shutdown completed.
2022-08-28 21:49:31.359  INFO 17984 --- [restartedMain] c.shopme.admin.ShopmeBackEndApplication  : Starting ShopmeBackEndApplication using Java 17.0.2 on DESKTOP-TUNGNUI with PID 17984 (D:\ShopmeEcommerce\shopme\ShopmeWebParent\ShopmeBackEnd\target\classes started by ADMIN in D:\ShopmeEcommerce\shopme\ShopmeWebParent\ShopmeBackEnd)
2022-08-28 21:49:31.360  INFO 17984 --- [restartedMain] c.shopme.admin.ShopmeBackEndApplication  : No active profile set, falling back to default profiles: default
2022-08-28 21:49:31.945  INFO 17984 --- [restartedMain] .s.d.r.c.RepositoryConfigurationDelegate : Bootstrapping Spring Data JPA repositories in DEFAULT mode.
2022-08-28 21:49:31.982  INFO 17984 --- [restartedMain] .s.d.r.c.RepositoryConfigurationDelegate : Finished Spring Data repository scanning in 36 ms. Found 2 JPA repository interfaces.
2022-08-28 21:49:32.230  INFO 17984 --- [restartedMain] o.s.b.w.embedded.tomcat.TomcatWebServer  : Tomcat initialized with port(s): 8081 (http)
2022-08-28 21:49:32.231  INFO 17984 --- [restartedMain] o.apache.catalina.core.StandardService   : Starting service [Tomcat]
2022-08-28 21:49:32.231  INFO 17984 --- [restartedMain] org.apache.catalina.core.StandardEngine  : Starting Servlet engine: [Apache Tomcat/9.0.41]
2022-08-28 21:49:32.301  INFO 17984 --- [restartedMain] o.a.c.c.C.[.[localhost].[/ShopmeAdmin]   : Initializing Spring embedded WebApplicationContext
2022-08-28 21:49:32.301  INFO 17984 --- [restartedMain] w.s.c.ServletWebServerApplicationContext : Root WebApplicationContext: initialization completed in 933 ms
2022-08-28 21:49:32.465  INFO 17984 --- [restartedMain] o.hibernate.jpa.internal.util.LogHelper  : HHH000204: Processing PersistenceUnitInfo [name: default]
2022-08-28 21:49:32.497  INFO 17984 --- [restartedMain] com.zaxxer.hikari.HikariDataSource       : HikariPool-5 - Starting...
2022-08-28 21:49:32.526  INFO 17984 --- [restartedMain] com.zaxxer.hikari.HikariDataSource       : HikariPool-5 - Start completed.
2022-08-28 21:49:32.527  INFO 17984 --- [restartedMain] org.hibernate.dialect.Dialect            : HHH000400: Using dialect: org.hibernate.dialect.MySQL8Dialect
2022-08-28 21:49:32.686  INFO 17984 --- [restartedMain] o.h.e.t.j.p.i.JtaPlatformInitiator       : HHH000490: Using JtaPlatform implementation: [org.hibernate.engine.transaction.jta.platform.internal.NoJtaPlatform]
2022-08-28 21:49:32.686  INFO 17984 --- [restartedMain] j.LocalContainerEntityManagerFactoryBean : Initialized JPA EntityManagerFactory for persistence unit 'default'
2022-08-28 21:49:32.721  INFO 17984 --- [restartedMain] o.s.b.d.a.OptionalLiveReloadServer       : LiveReload server is running on port 35729
2022-08-28 21:49:32.828  WARN 17984 --- [restartedMain] JpaBaseConfiguration$JpaWebConfiguration : spring.jpa.open-in-view is enabled by default. Therefore, database queries may be performed during view rendering. Explicitly configure spring.jpa.open-in-view to disable this warning
2022-08-28 21:49:33.111  INFO 17984 --- [restartedMain] o.s.s.web.DefaultSecurityFilterChain     : Will secure Ant [pattern='/images/**'] with []
2022-08-28 21:49:33.111  INFO 17984 --- [restartedMain] o.s.s.web.DefaultSecurityFilterChain     : Will secure Ant [pattern='/js/**'] with []
2022-08-28 21:49:33.111  INFO 17984 --- [restartedMain] o.s.s.web.DefaultSecurityFilterChain     : Will secure Ant [pattern='/webjars/**'] with []
2022-08-28 21:49:33.132  INFO 17984 --- [restartedMain] o.s.s.web.DefaultSecurityFilterChain     : Will secure any request with [org.springframework.security.web.context.request.async.WebAsyncManagerIntegrationFilter@3412127f, org.springframework.security.web.context.SecurityContextPersistenceFilter@776296db, org.springframework.security.web.header.HeaderWriterFilter@52698925, org.springframework.security.web.csrf.CsrfFilter@142e6c2c, org.springframework.security.web.authentication.logout.LogoutFilter@4fcbd786, org.springframework.security.web.authentication.UsernamePasswordAuthenticationFilter@6565db22, org.springframework.security.web.savedrequest.RequestCacheAwareFilter@74f1f8fa, org.springframework.security.web.servletapi.SecurityContextHolderAwareRequestFilter@6a4f77e0, org.springframework.security.web.authentication.rememberme.RememberMeAuthenticationFilter@237160bb, org.springframework.security.web.authentication.AnonymousAuthenticationFilter@7c31df27, org.springframework.security.web.session.SessionManagementFilter@10cac7e2, org.springframework.security.web.access.ExceptionTranslationFilter@b51183d, org.springframework.security.web.access.intercept.FilterSecurityInterceptor@2f6cf0fa]
2022-08-28 21:49:33.243  INFO 17984 --- [restartedMain] o.s.s.concurrent.ThreadPoolTaskExecutor  : Initializing ExecutorService 'applicationTaskExecutor'
2022-08-28 21:49:33.279  INFO 17984 --- [restartedMain] o.s.b.a.w.s.WelcomePageHandlerMapping    : Adding welcome page template: index
2022-08-28 21:49:33.914  INFO 17984 --- [restartedMain] o.s.b.w.embedded.tomcat.TomcatWebServer  : Tomcat started on port(s): 8081 (http) with context path '/ShopmeAdmin'
2022-08-28 21:49:33.933  INFO 17984 --- [restartedMain] c.shopme.admin.ShopmeBackEndApplication  : Started ShopmeBackEndApplication in 2.681 seconds (JVM running for 565.114)
2022-08-28 21:49:33.937  INFO 17984 --- [restartedMain] .ConditionEvaluationDeltaLoggingListener : Condition evaluation unchanged
2022-08-28 21:50:10.783  INFO 17984 --- [Thread-23] o.s.s.concurrent.ThreadPoolTaskExecutor  : Shutting down ExecutorService 'applicationTaskExecutor'
2022-08-28 21:50:10.784  INFO 17984 --- [Thread-23] j.LocalContainerEntityManagerFactoryBean : Closing JPA EntityManagerFactory for persistence unit 'default'
2022-08-28 21:50:10.785  INFO 17984 --- [Thread-23] com.zaxxer.hikari.HikariDataSource       : HikariPool-5 - Shutdown initiated...
2022-08-28 21:50:10.791  INFO 17984 --- [Thread-23] com.zaxxer.hikari.HikariDataSource       : HikariPool-5 - Shutdown completed.
2022-08-28 21:50:10.905  INFO 17984 --- [restartedMain] c.shopme.admin.ShopmeBackEndApplication  : Starting ShopmeBackEndApplication using Java 17.0.2 on DESKTOP-TUNGNUI with PID 17984 (D:\ShopmeEcommerce\shopme\ShopmeWebParent\ShopmeBackEnd\target\classes started by ADMIN in D:\ShopmeEcommerce\shopme\ShopmeWebParent\ShopmeBackEnd)
2022-08-28 21:50:10.905  INFO 17984 --- [restartedMain] c.shopme.admin.ShopmeBackEndApplication  : No active profile set, falling back to default profiles: default
2022-08-28 21:50:11.158  INFO 17984 --- [restartedMain] .s.d.r.c.RepositoryConfigurationDelegate : Bootstrapping Spring Data JPA repositories in DEFAULT mode.
2022-08-28 21:50:11.175  INFO 17984 --- [restartedMain] .s.d.r.c.RepositoryConfigurationDelegate : Finished Spring Data repository scanning in 15 ms. Found 2 JPA repository interfaces.
2022-08-28 21:50:11.291  INFO 17984 --- [restartedMain] o.s.b.w.embedded.tomcat.TomcatWebServer  : Tomcat initialized with port(s): 8081 (http)
2022-08-28 21:50:11.291  INFO 17984 --- [restartedMain] o.apache.catalina.core.StandardService   : Starting service [Tomcat]
2022-08-28 21:50:11.292  INFO 17984 --- [restartedMain] org.apache.catalina.core.StandardEngine  : Starting Servlet engine: [Apache Tomcat/9.0.41]
2022-08-28 21:50:11.319  INFO 17984 --- [restartedMain] o.a.c.c.C.[.[localhost].[/ShopmeAdmin]   : Initializing Spring embedded WebApplicationContext
2022-08-28 21:50:11.320  INFO 17984 --- [restartedMain] w.s.c.ServletWebServerApplicationContext : Root WebApplicationContext: initialization completed in 408 ms
2022-08-28 21:50:11.383  INFO 17984 --- [restartedMain] o.hibernate.jpa.internal.util.LogHelper  : HHH000204: Processing PersistenceUnitInfo [name: default]
2022-08-28 21:50:11.396  INFO 17984 --- [restartedMain] com.zaxxer.hikari.HikariDataSource       : HikariPool-6 - Starting...
2022-08-28 21:50:11.420  INFO 17984 --- [restartedMain] com.zaxxer.hikari.HikariDataSource       : HikariPool-6 - Start completed.
2022-08-28 21:50:11.420  INFO 17984 --- [restartedMain] org.hibernate.dialect.Dialect            : HHH000400: Using dialect: org.hibernate.dialect.MySQL8Dialect
2022-08-28 21:50:11.525  INFO 17984 --- [restartedMain] o.h.e.t.j.p.i.JtaPlatformInitiator       : HHH000490: Using JtaPlatform implementation: [org.hibernate.engine.transaction.jta.platform.internal.NoJtaPlatform]
2022-08-28 21:50:11.525  INFO 17984 --- [restartedMain] j.LocalContainerEntityManagerFactoryBean : Initialized JPA EntityManagerFactory for persistence unit 'default'
2022-08-28 21:50:11.548  INFO 17984 --- [restartedMain] o.s.b.d.a.OptionalLiveReloadServer       : LiveReload server is running on port 35729
2022-08-28 21:50:11.579  WARN 17984 --- [restartedMain] JpaBaseConfiguration$JpaWebConfiguration : spring.jpa.open-in-view is enabled by default. Therefore, database queries may be performed during view rendering. Explicitly configure spring.jpa.open-in-view to disable this warning
2022-08-28 21:50:11.714  INFO 17984 --- [restartedMain] o.s.s.web.DefaultSecurityFilterChain     : Will secure Ant [pattern='/images/**'] with []
2022-08-28 21:50:11.714  INFO 17984 --- [restartedMain] o.s.s.web.DefaultSecurityFilterChain     : Will secure Ant [pattern='/js/**'] with []
2022-08-28 21:50:11.714  INFO 17984 --- [restartedMain] o.s.s.web.DefaultSecurityFilterChain     : Will secure Ant [pattern='/webjars/**'] with []
2022-08-28 21:50:11.722  INFO 17984 --- [restartedMain] o.s.s.web.DefaultSecurityFilterChain     : Will secure any request with [org.springframework.security.web.context.request.async.WebAsyncManagerIntegrationFilter@1f5d371a, org.springframework.security.web.context.SecurityContextPersistenceFilter@3cd2212, org.springframework.security.web.header.HeaderWriterFilter@4d369e9e, org.springframework.security.web.csrf.CsrfFilter@718fd946, org.springframework.security.web.authentication.logout.LogoutFilter@28ae4d50, org.springframework.security.web.authentication.UsernamePasswordAuthenticationFilter@63497dbf, org.springframework.security.web.savedrequest.RequestCacheAwareFilter@bec103e, org.springframework.security.web.servletapi.SecurityContextHolderAwareRequestFilter@7257bdb3, org.springframework.security.web.authentication.rememberme.RememberMeAuthenticationFilter@2ba1b82d, org.springframework.security.web.authentication.AnonymousAuthenticationFilter@1f67f476, org.springframework.security.web.session.SessionManagementFilter@c079f3d, org.springframework.security.web.access.ExceptionTranslationFilter@13736b4e, org.springframework.security.web.access.intercept.FilterSecurityInterceptor@4c29826d]
2022-08-28 21:50:11.767  INFO 17984 --- [restartedMain] o.s.s.concurrent.ThreadPoolTaskExecutor  : Initializing ExecutorService 'applicationTaskExecutor'
2022-08-28 21:50:11.789  INFO 17984 --- [restartedMain] o.s.b.a.w.s.WelcomePageHandlerMapping    : Adding welcome page template: index
2022-08-28 21:50:12.206  INFO 17984 --- [restartedMain] o.s.b.w.embedded.tomcat.TomcatWebServer  : Tomcat started on port(s): 8081 (http) with context path '/ShopmeAdmin'
2022-08-28 21:50:12.219  INFO 17984 --- [restartedMain] c.shopme.admin.ShopmeBackEndApplication  : Started ShopmeBackEndApplication in 1.354 seconds (JVM running for 603.4)
2022-08-28 21:50:12.221  INFO 17984 --- [restartedMain] .ConditionEvaluationDeltaLoggingListener : Condition evaluation unchanged
2022-08-28 21:50:46.621  INFO 17984 --- [Thread-28] o.s.s.concurrent.ThreadPoolTaskExecutor  : Shutting down ExecutorService 'applicationTaskExecutor'
2022-08-28 21:50:46.624  INFO 17984 --- [Thread-28] j.LocalContainerEntityManagerFactoryBean : Closing JPA EntityManagerFactory for persistence unit 'default'
2022-08-28 21:50:46.630  INFO 17984 --- [Thread-28] com.zaxxer.hikari.HikariDataSource       : HikariPool-6 - Shutdown initiated...
2022-08-28 21:50:46.667  INFO 17984 --- [Thread-28] com.zaxxer.hikari.HikariDataSource       : HikariPool-6 - Shutdown completed.
2022-08-28 21:50:46.799  INFO 17984 --- [restartedMain] c.shopme.admin.ShopmeBackEndApplication  : Starting ShopmeBackEndApplication using Java 17.0.2 on DESKTOP-TUNGNUI with PID 17984 (D:\ShopmeEcommerce\shopme\ShopmeWebParent\ShopmeBackEnd\target\classes started by ADMIN in D:\ShopmeEcommerce\shopme\ShopmeWebParent\ShopmeBackEnd)
2022-08-28 21:50:46.800  INFO 17984 --- [restartedMain] c.shopme.admin.ShopmeBackEndApplication  : No active profile set, falling back to default profiles: default
2022-08-28 21:50:47.057  INFO 17984 --- [restartedMain] .s.d.r.c.RepositoryConfigurationDelegate : Bootstrapping Spring Data JPA repositories in DEFAULT mode.
2022-08-28 21:50:47.073  INFO 17984 --- [restartedMain] .s.d.r.c.RepositoryConfigurationDelegate : Finished Spring Data repository scanning in 15 ms. Found 2 JPA repository interfaces.
2022-08-28 21:50:47.191  INFO 17984 --- [restartedMain] o.s.b.w.embedded.tomcat.TomcatWebServer  : Tomcat initialized with port(s): 8081 (http)
2022-08-28 21:50:47.192  INFO 17984 --- [restartedMain] o.apache.catalina.core.StandardService   : Starting service [Tomcat]
2022-08-28 21:50:47.192  INFO 17984 --- [restartedMain] org.apache.catalina.core.StandardEngine  : Starting Servlet engine: [Apache Tomcat/9.0.41]
2022-08-28 21:50:47.227  INFO 17984 --- [restartedMain] o.a.c.c.C.[.[localhost].[/ShopmeAdmin]   : Initializing Spring embedded WebApplicationContext
2022-08-28 21:50:47.227  INFO 17984 --- [restartedMain] w.s.c.ServletWebServerApplicationContext : Root WebApplicationContext: initialization completed in 422 ms
2022-08-28 21:50:47.281  INFO 17984 --- [restartedMain] o.hibernate.jpa.internal.util.LogHelper  : HHH000204: Processing PersistenceUnitInfo [name: default]
2022-08-28 21:50:47.290  INFO 17984 --- [restartedMain] com.zaxxer.hikari.HikariDataSource       : HikariPool-7 - Starting...
2022-08-28 21:50:47.310  INFO 17984 --- [restartedMain] com.zaxxer.hikari.HikariDataSource       : HikariPool-7 - Start completed.
2022-08-28 21:50:47.310  INFO 17984 --- [restartedMain] org.hibernate.dialect.Dialect            : HHH000400: Using dialect: org.hibernate.dialect.MySQL8Dialect
2022-08-28 21:50:47.403  INFO 17984 --- [restartedMain] o.h.e.t.j.p.i.JtaPlatformInitiator       : HHH000490: Using JtaPlatform implementation: [org.hibernate.engine.transaction.jta.platform.internal.NoJtaPlatform]
2022-08-28 21:50:47.404  INFO 17984 --- [restartedMain] j.LocalContainerEntityManagerFactoryBean : Initialized JPA EntityManagerFactory for persistence unit 'default'
2022-08-28 21:50:47.421  INFO 17984 --- [restartedMain] o.s.b.d.a.OptionalLiveReloadServer       : LiveReload server is running on port 35729
2022-08-28 21:50:47.456  WARN 17984 --- [restartedMain] JpaBaseConfiguration$JpaWebConfiguration : spring.jpa.open-in-view is enabled by default. Therefore, database queries may be performed during view rendering. Explicitly configure spring.jpa.open-in-view to disable this warning
2022-08-28 21:50:47.598  INFO 17984 --- [restartedMain] o.s.s.web.DefaultSecurityFilterChain     : Will secure Ant [pattern='/images/**'] with []
2022-08-28 21:50:47.598  INFO 17984 --- [restartedMain] o.s.s.web.DefaultSecurityFilterChain     : Will secure Ant [pattern='/js/**'] with []
2022-08-28 21:50:47.598  INFO 17984 --- [restartedMain] o.s.s.web.DefaultSecurityFilterChain     : Will secure Ant [pattern='/webjars/**'] with []
2022-08-28 21:50:47.613  INFO 17984 --- [restartedMain] o.s.s.web.DefaultSecurityFilterChain     : Will secure any request with [org.springframework.security.web.context.request.async.WebAsyncManagerIntegrationFilter@6f892120, org.springframework.security.web.context.SecurityContextPersistenceFilter@6ad10c8a, org.springframework.security.web.header.HeaderWriterFilter@284ab486, org.springframework.security.web.csrf.CsrfFilter@4cbcdd25, org.springframework.security.web.authentication.logout.LogoutFilter@16a5dd44, org.springframework.security.web.authentication.UsernamePasswordAuthenticationFilter@5df19052, org.springframework.security.web.savedrequest.RequestCacheAwareFilter@3cd89f3f, org.springframework.security.web.servletapi.SecurityContextHolderAwareRequestFilter@41cbe2a6, org.springframework.security.web.authentication.rememberme.RememberMeAuthenticationFilter@5057b4, org.springframework.security.web.authentication.AnonymousAuthenticationFilter@15946090, org.springframework.security.web.session.SessionManagementFilter@40aeb44f, org.springframework.security.web.access.ExceptionTranslationFilter@6756213e, org.springframework.security.web.access.intercept.FilterSecurityInterceptor@39b86bfa]
2022-08-28 21:50:47.653  INFO 17984 --- [restartedMain] o.s.s.concurrent.ThreadPoolTaskExecutor  : Initializing ExecutorService 'applicationTaskExecutor'
2022-08-28 21:50:47.677  INFO 17984 --- [restartedMain] o.s.b.a.w.s.WelcomePageHandlerMapping    : Adding welcome page template: index
2022-08-28 21:50:48.206  INFO 17984 --- [restartedMain] o.s.b.w.embedded.tomcat.TomcatWebServer  : Tomcat started on port(s): 8081 (http) with context path '/ShopmeAdmin'
2022-08-28 21:50:48.213  INFO 17984 --- [restartedMain] c.shopme.admin.ShopmeBackEndApplication  : Started ShopmeBackEndApplication in 1.461 seconds (JVM running for 639.394)
2022-08-28 21:50:48.216  INFO 17984 --- [restartedMain] .ConditionEvaluationDeltaLoggingListener : Condition evaluation unchanged
2022-08-28 21:50:50.447  INFO 17984 --- [RMI TCP Connection(29)-127.0.0.1] inMXBeanRegistrar$SpringApplicationAdmin : Application shutdown requested.
2022-08-28 21:50:50.473  INFO 17984 --- [RMI TCP Connection(29)-127.0.0.1] o.s.s.concurrent.ThreadPoolTaskExecutor  : Shutting down ExecutorService 'applicationTaskExecutor'
2022-08-28 21:50:50.474  INFO 17984 --- [RMI TCP Connection(29)-127.0.0.1] j.LocalContainerEntityManagerFactoryBean : Closing JPA EntityManagerFactory for persistence unit 'default'
2022-08-28 21:50:50.474  INFO 17984 --- [RMI TCP Connection(29)-127.0.0.1] com.zaxxer.hikari.HikariDataSource       : HikariPool-7 - Shutdown initiated...
2022-08-28 21:50:50.481  INFO 17984 --- [RMI TCP Connection(29)-127.0.0.1] com.zaxxer.hikari.HikariDataSource       : HikariPool-7 - Shutdown completed.
2022-08-28 21:50:55.606  INFO 18456 --- [restartedMain] c.shopme.admin.ShopmeBackEndApplication  : Starting ShopmeBackEndApplication using Java 17.0.2 on DESKTOP-TUNGNUI with PID 18456 (D:\ShopmeEcommerce\shopme\ShopmeWebParent\ShopmeBackEnd\target\classes started by ADMIN in D:\ShopmeEcommerce\shopme\ShopmeWebParent\ShopmeBackEnd)
2022-08-28 21:50:55.611  INFO 18456 --- [restartedMain] c.shopme.admin.ShopmeBackEndApplication  : No active profile set, falling back to default profiles: default
2022-08-28 21:50:55.723  INFO 18456 --- [restartedMain] .e.DevToolsPropertyDefaultsPostProcessor : Devtools property defaults active! Set 'spring.devtools.add-properties' to 'false' to disable
2022-08-28 21:50:55.724  INFO 18456 --- [restartedMain] .e.DevToolsPropertyDefaultsPostProcessor : For additional web related logging consider setting the 'logging.level.web' property to 'DEBUG'
2022-08-28 21:50:57.142  INFO 18456 --- [restartedMain] .s.d.r.c.RepositoryConfigurationDelegate : Bootstrapping Spring Data JPA repositories in DEFAULT mode.
2022-08-28 21:50:57.288  INFO 18456 --- [restartedMain] .s.d.r.c.RepositoryConfigurationDelegate : Finished Spring Data repository scanning in 128 ms. Found 2 JPA repository interfaces.
2022-08-28 21:50:58.350  INFO 18456 --- [restartedMain] o.s.b.w.embedded.tomcat.TomcatWebServer  : Tomcat initialized with port(s): 8081 (http)
2022-08-28 21:50:58.362  INFO 18456 --- [restartedMain] o.apache.catalina.core.StandardService   : Starting service [Tomcat]
2022-08-28 21:50:58.362  INFO 18456 --- [restartedMain] org.apache.catalina.core.StandardEngine  : Starting Servlet engine: [Apache Tomcat/9.0.41]
2022-08-28 21:50:58.518  INFO 18456 --- [restartedMain] o.a.c.c.C.[.[localhost].[/ShopmeAdmin]   : Initializing Spring embedded WebApplicationContext
2022-08-28 21:50:58.518  INFO 18456 --- [restartedMain] w.s.c.ServletWebServerApplicationContext : Root WebApplicationContext: initialization completed in 2793 ms
2022-08-28 21:50:58.910  INFO 18456 --- [restartedMain] o.hibernate.jpa.internal.util.LogHelper  : HHH000204: Processing PersistenceUnitInfo [name: default]
2022-08-28 21:50:59.015  INFO 18456 --- [restartedMain] org.hibernate.Version                    : HHH000412: Hibernate ORM core version 5.4.25.Final
2022-08-28 21:50:59.246  INFO 18456 --- [restartedMain] o.hibernate.annotations.common.Version   : HCANN000001: Hibernate Commons Annotations {5.1.2.Final}
2022-08-28 21:50:59.449  INFO 18456 --- [restartedMain] com.zaxxer.hikari.HikariDataSource       : HikariPool-1 - Starting...
2022-08-28 21:51:00.061  INFO 18456 --- [restartedMain] com.zaxxer.hikari.HikariDataSource       : HikariPool-1 - Start completed.
2022-08-28 21:51:00.091  INFO 18456 --- [restartedMain] org.hibernate.dialect.Dialect            : HHH000400: Using dialect: org.hibernate.dialect.MySQL8Dialect
2022-08-28 21:51:01.644  INFO 18456 --- [restartedMain] o.h.e.t.j.p.i.JtaPlatformInitiator       : HHH000490: Using JtaPlatform implementation: [org.hibernate.engine.transaction.jta.platform.internal.NoJtaPlatform]
2022-08-28 21:51:01.657  INFO 18456 --- [restartedMain] j.LocalContainerEntityManagerFactoryBean : Initialized JPA EntityManagerFactory for persistence unit 'default'
2022-08-28 21:51:01.726  INFO 18456 --- [restartedMain] o.s.b.d.a.OptionalLiveReloadServer       : LiveReload server is running on port 35729
2022-08-28 21:51:01.850  WARN 18456 --- [restartedMain] JpaBaseConfiguration$JpaWebConfiguration : spring.jpa.open-in-view is enabled by default. Therefore, database queries may be performed during view rendering. Explicitly configure spring.jpa.open-in-view to disable this warning
2022-08-28 21:51:03.417  INFO 18456 --- [restartedMain] o.s.s.web.DefaultSecurityFilterChain     : Will secure Ant [pattern='/images/**'] with []
2022-08-28 21:51:03.417  INFO 18456 --- [restartedMain] o.s.s.web.DefaultSecurityFilterChain     : Will secure Ant [pattern='/js/**'] with []
2022-08-28 21:51:03.418  INFO 18456 --- [restartedMain] o.s.s.web.DefaultSecurityFilterChain     : Will secure Ant [pattern='/webjars/**'] with []
2022-08-28 21:51:03.491  INFO 18456 --- [restartedMain] o.s.s.web.DefaultSecurityFilterChain     : Will secure any request with [org.springframework.security.web.context.request.async.WebAsyncManagerIntegrationFilter@70dd02b2, org.springframework.security.web.context.SecurityContextPersistenceFilter@55e31a9a, org.springframework.security.web.header.HeaderWriterFilter@41d8af6d, org.springframework.security.web.csrf.CsrfFilter@607918f2, org.springframework.security.web.authentication.logout.LogoutFilter@6acdfbe9, org.springframework.security.web.authentication.UsernamePasswordAuthenticationFilter@5a5b4780, org.springframework.security.web.savedrequest.RequestCacheAwareFilter@7c02772a, org.springframework.security.web.servletapi.SecurityContextHolderAwareRequestFilter@209e4be, org.springframework.security.web.authentication.rememberme.RememberMeAuthenticationFilter@205f3589, org.springframework.security.web.authentication.AnonymousAuthenticationFilter@3bcf37cf, org.springframework.security.web.session.SessionManagementFilter@3867fc52, org.springframework.security.web.access.ExceptionTranslationFilter@295e5970, org.springframework.security.web.access.intercept.FilterSecurityInterceptor@61204f32]
2022-08-28 21:51:03.725  INFO 18456 --- [restartedMain] o.s.s.concurrent.ThreadPoolTaskExecutor  : Initializing ExecutorService 'applicationTaskExecutor'
2022-08-28 21:51:03.958  INFO 18456 --- [restartedMain] o.s.b.a.w.s.WelcomePageHandlerMapping    : Adding welcome page template: index
2022-08-28 21:51:05.486  INFO 18456 --- [restartedMain] o.s.b.w.embedded.tomcat.TomcatWebServer  : Tomcat started on port(s): 8081 (http) with context path '/ShopmeAdmin'
2022-08-28 21:51:05.507  INFO 18456 --- [restartedMain] c.shopme.admin.ShopmeBackEndApplication  : Started ShopmeBackEndApplication in 10.59 seconds (JVM running for 12.116)
2022-08-28 21:56:33.225  INFO 18456 --- [Thread-4] o.s.s.concurrent.ThreadPoolTaskExecutor  : Shutting down ExecutorService 'applicationTaskExecutor'
2022-08-28 21:56:33.228  INFO 18456 --- [Thread-4] j.LocalContainerEntityManagerFactoryBean : Closing JPA EntityManagerFactory for persistence unit 'default'
2022-08-28 21:56:33.235  INFO 18456 --- [Thread-4] com.zaxxer.hikari.HikariDataSource       : HikariPool-1 - Shutdown initiated...
2022-08-28 21:56:33.251  INFO 18456 --- [Thread-4] com.zaxxer.hikari.HikariDataSource       : HikariPool-1 - Shutdown completed.
